{"content": {"suites": {"0": {"status": {"total_pass": 4, "total_skip": 0, "total_xpass": 0, "total_xfail": 0, "total_rerun": 0, "total_fail": 2, "total_error": 0}, "tests": {"0": {"status": "PASS", "message": "", "test_name": "test_LogIn", "rerun": "0"}, "1": {"status": "PASS", "message": "", "test_name": "test_LogInUnssucessful", "rerun": "0"}, "2": {"status": "PASS", "message": "", "test_name": "test_AboutPage", "rerun": "0"}, "3": {"status": "PASS", "message": "", "test_name": "test_refreshpage", "rerun": "0"}, "4": {"status": "FAIL", "message": "   selenium.common.exceptions.TimeoutException: Message: \n   Stacktrace:\n   Backtrace:\n   \t(No symbol) [0x0055F243]\n   \t(No symbol) [0x004E7FD1]\n   \t(No symbol) [0x003DD04D]\n   \t(No symbol) [0x0040C0B0]\n   \t(No symbol) [0x0040C22B]\n   \t(No symbol) [0x0043E612]\n   \t(No symbol) [0x004285D4]\n   \t(No symbol) [0x0043C9EB]\n   \t(No symbol) [0x00428386]\n   \t(No symbol) [0x0040163C]\n   \t(No symbol) [0x0040269D]\n   \tGetHandleVerifier [0x007F9A22+2655074]\n   \tGetHandleVerifier [0x007ECA24+2601828]\n   \tGetHandleVerifier [0x00608C0A+619850]\n   \tGetHandleVerifier [0x00607830+614768]\n   \t(No symbol) [0x004F05FC]\n   \t(No symbol) [0x004F5968]\n   \t(No symbol) [0x004F5A55]\n   \t(No symbol) [0x0050051B]\n   \tBaseThreadInitThunk [0x755E7BA9+25]\n   \tRtlInitializeExceptionChain [0x7782BB9B+107]\n   \tRtlClearBits [0x7782BB1F+191]\n", "test_name": "test_report", "rerun": "0"}, "5": {"status": "FAIL", "message": "   selenium.common.exceptions.NoSuchWindowException: Message: no such window: target window already closed\n   from unknown error: web view not found\n     (Session info: chrome=108.0.5359.71)\n   Stacktrace:\n   Backtrace:\n   \t(No symbol) [0x0055F243]\n   \t(No symbol) [0x004E7FD1]\n   \t(No symbol) [0x003DD04D]\n   \t(No symbol) [0x003C2D7A]\n   \t(No symbol) [0x0042BE7B]\n   \t(No symbol) [0x0043C196]\n   \t(No symbol) [0x00428386]\n   \t(No symbol) [0x0040163C]\n   \t(No symbol) [0x0040269D]\n   \tGetHandleVerifier [0x007F9A22+2655074]\n   \tGetHandleVerifier [0x007ECA24+2601828]\n   \tGetHandleVerifier [0x00608C0A+619850]\n   \tGetHandleVerifier [0x00607830+614768]\n   \t(No symbol) [0x004F05FC]\n   \t(No symbol) [0x004F5968]\n   \t(No symbol) [0x004F5A55]\n   \t(No symbol) [0x0050051B]\n   \tBaseThreadInitThunk [0x755E7BA9+25]\n   \tRtlInitializeExceptionChain [0x7782BB9B+107]\n   \tRtlClearBits [0x7782BB1F+191]\n", "test_name": "test_search", "rerun": "0"}}, "suite_name": "test_main.py"}}}, "date": "December 03, 2022", "start_time": 1670121450.9516714, "total_suite": 1, "status": "FAIL", "status_list": {"pass": "4", "fail": "2", "skip": "0", "error": "0", "xpass": "0", "xfail": "0", "rerun": "0"}, "total_tests": "6"}