{"content": {"suites": {"0": {"status": {"total_pass": 2, "total_skip": 0, "total_xpass": 0, "total_xfail": 0, "total_rerun": 0, "total_fail": 4, "total_error": 0}, "tests": {"0": {"status": "PASS", "message": "", "test_name": "test_LogIn", "rerun": "0"}, "1": {"status": "PASS", "message": "", "test_name": "test_LogInUnssucessful", "rerun": "0"}, "2": {"status": "FAIL", "message": "   selenium.common.exceptions.NoSuchWindowException: Message: no such window: target window already closed\n   from unknown error: web view not found\n     (Session info: chrome=108.0.5359.71)\n   Stacktrace:\n   Backtrace:\n   \t(No symbol) [0x00A8F243]\n   \t(No symbol) [0x00A17FD1]\n   \t(No symbol) [0x0090D04D]\n   \t(No symbol) [0x008F2D7A]\n   \t(No symbol) [0x0095BE7B]\n   \t(No symbol) [0x0096C196]\n   \t(No symbol) [0x00958386]\n   \t(No symbol) [0x0093163C]\n   \t(No symbol) [0x0093269D]\n   \tGetHandleVerifier [0x00D29A22+2655074]\n   \tGetHandleVerifier [0x00D1CA24+2601828]\n   \tGetHandleVerifier [0x00B38C0A+619850]\n   \tGetHandleVerifier [0x00B37830+614768]\n   \t(No symbol) [0x00A205FC]\n   \t(No symbol) [0x00A25968]\n   \t(No symbol) [0x00A25A55]\n   \t(No symbol) [0x00A3051B]\n   \tBaseThreadInitThunk [0x76987BA9+25]\n   \tRtlInitializeExceptionChain [0x77EABB9B+107]\n   \tRtlClearBits [0x77EABB1F+191]\n", "test_name": "test_AboutPage", "rerun": "0"}, "3": {"status": "FAIL", "message": "   selenium.common.exceptions.TimeoutException: Message: \n   Stacktrace:\n   Backtrace:\n   \t(No symbol) [0x00A8F243]\n   \t(No symbol) [0x00A17FD1]\n   \t(No symbol) [0x0090D04D]\n   \t(No symbol) [0x0093C0B0]\n   \t(No symbol) [0x0093C22B]\n   \t(No symbol) [0x0096E612]\n   \t(No symbol) [0x009585D4]\n   \t(No symbol) [0x0096C9EB]\n   \t(No symbol) [0x00958386]\n   \t(No symbol) [0x0093163C]\n   \t(No symbol) [0x0093269D]\n   \tGetHandleVerifier [0x00D29A22+2655074]\n   \tGetHandleVerifier [0x00D1CA24+2601828]\n   \tGetHandleVerifier [0x00B38C0A+619850]\n   \tGetHandleVerifier [0x00B37830+614768]\n   \t(No symbol) [0x00A205FC]\n   \t(No symbol) [0x00A25968]\n   \t(No symbol) [0x00A25A55]\n   \t(No symbol) [0x00A3051B]\n   \tBaseThreadInitThunk [0x76987BA9+25]\n   \tRtlInitializeExceptionChain [0x77EABB9B+107]\n   \tRtlClearBits [0x77EABB1F+191]\n", "test_name": "test_refreshpage", "rerun": "0"}, "4": {"status": "FAIL", "message": "   selenium.common.exceptions.TimeoutException: Message: \n   Stacktrace:\n   Backtrace:\n   \t(No symbol) [0x00A8F243]\n   \t(No symbol) [0x00A17FD1]\n   \t(No symbol) [0x0090D04D]\n   \t(No symbol) [0x0093C0B0]\n   \t(No symbol) [0x0093C22B]\n   \t(No symbol) [0x0096E612]\n   \t(No symbol) [0x009585D4]\n   \t(No symbol) [0x0096C9EB]\n   \t(No symbol) [0x00958386]\n   \t(No symbol) [0x0093163C]\n   \t(No symbol) [0x0093269D]\n   \tGetHandleVerifier [0x00D29A22+2655074]\n   \tGetHandleVerifier [0x00D1CA24+2601828]\n   \tGetHandleVerifier [0x00B38C0A+619850]\n   \tGetHandleVerifier [0x00B37830+614768]\n   \t(No symbol) [0x00A205FC]\n   \t(No symbol) [0x00A25968]\n   \t(No symbol) [0x00A25A55]\n   \t(No symbol) [0x00A3051B]\n   \tBaseThreadInitThunk [0x76987BA9+25]\n   \tRtlInitializeExceptionChain [0x77EABB9B+107]\n   \tRtlClearBits [0x77EABB1F+191]\n", "test_name": "test_report", "rerun": "0"}, "5": {"status": "FAIL", "message": "   selenium.common.exceptions.NoSuchWindowException: Message: no such window: target window already closed\n   from unknown error: web view not found\n     (Session info: chrome=108.0.5359.71)\n   Stacktrace:\n   Backtrace:\n   \t(No symbol) [0x00A8F243]\n   \t(No symbol) [0x00A17FD1]\n   \t(No symbol) [0x0090D04D]\n   \t(No symbol) [0x008F2D7A]\n   \t(No symbol) [0x0095BE7B]\n   \t(No symbol) [0x0096C196]\n   \t(No symbol) [0x00958386]\n   \t(No symbol) [0x0093163C]\n   \t(No symbol) [0x0093269D]\n   \tGetHandleVerifier [0x00D29A22+2655074]\n   \tGetHandleVerifier [0x00D1CA24+2601828]\n   \tGetHandleVerifier [0x00B38C0A+619850]\n   \tGetHandleVerifier [0x00B37830+614768]\n   \t(No symbol) [0x00A205FC]\n   \t(No symbol) [0x00A25968]\n   \t(No symbol) [0x00A25A55]\n   \t(No symbol) [0x00A3051B]\n   \tBaseThreadInitThunk [0x76987BA9+25]\n   \tRtlInitializeExceptionChain [0x77EABB9B+107]\n   \tRtlClearBits [0x77EABB1F+191]\n", "test_name": "test_search", "rerun": "0"}}, "suite_name": "test_main.py"}}}, "date": "December 03, 2022", "start_time": 1670119540.5816052, "total_suite": 1, "status": "FAIL", "status_list": {"pass": "2", "fail": "4", "skip": "0", "error": "0", "xpass": "0", "xfail": "0", "rerun": "0"}, "total_tests": "6"}